  dep.c
C:\Users\krish\Documents\Programes\C\SEM 1 Project\SEM1-Project\SEM1-Project\dep.c(52,12): warning C4013: 'put_Menu' undefined; assuming extern returning int
C:\Users\krish\Documents\Programes\C\SEM 1 Project\SEM1-Project\SEM1-Project\dep.c(60,10): warning C4013: 'add_items' undefined; assuming extern returning int
C:\Users\krish\Documents\Programes\C\SEM 1 Project\SEM1-Project\SEM1-Project\dep.c(61,10): warning C4013: 'update_Quantity' undefined; assuming extern returning int
C:\Users\krish\Documents\Programes\C\SEM 1 Project\SEM1-Project\SEM1-Project\dep.c(62,10): warning C4013: 'delete_Items' undefined; assuming extern returning int
C:\Users\krish\Documents\Programes\C\SEM 1 Project\SEM1-Project\SEM1-Project\dep.c(63,10): warning C4013: 'view_Inventory' undefined; assuming extern returning int
C:\Users\krish\Documents\Programes\C\SEM 1 Project\SEM1-Project\SEM1-Project\dep.c(64,10): warning C4013: 'generate_Reports' undefined; assuming extern returning int
C:\Users\krish\Documents\Programes\C\SEM 1 Project\SEM1-Project\SEM1-Project\dep.c(65,10): warning C4013: 'search_Items' undefined; assuming extern returning int
C:\Users\krish\Documents\Programes\C\SEM 1 Project\SEM1-Project\SEM1-Project\dep.c(66,10): warning C4013: 'exit_App' undefined; assuming extern returning int
C:\Users\krish\Documents\Programes\C\SEM 1 Project\SEM1-Project\SEM1-Project\dep.c(132,8): warning C4244: 'function': conversion from 'time_t' to 'unsigned int', possible loss of data
C:\Users\krish\Documents\Programes\C\SEM 1 Project\SEM1-Project\SEM1-Project\dep.c(147,21): warning C4267: 'initializing': conversion from 'size_t' to 'int', possible loss of data
C:\Users\krish\Documents\Programes\C\SEM 1 Project\SEM1-Project\SEM1-Project\dep.c(226,10): warning C4267: '=': conversion from 'size_t' to 'int', possible loss of data
C:\Users\krish\Documents\Programes\C\SEM 1 Project\SEM1-Project\SEM1-Project\dep.c(234,13): warning C4267: 'initializing': conversion from 'size_t' to 'int', possible loss of data
  file_handling.c
C:\Users\krish\Documents\Programes\C\SEM 1 Project\SEM1-Project\SEM1-Project\file_handling.c(14,6): warning C4013: 'access' undefined; assuming extern returning int
C:\Users\krish\Documents\Programes\C\SEM 1 Project\SEM1-Project\SEM1-Project\file_handling.c(22,15): warning C4267: '=': conversion from 'size_t' to 'int', possible loss of data
C:\Users\krish\Documents\Programes\C\SEM 1 Project\SEM1-Project\SEM1-Project\file_handling.c(34,4): warning C4013: 'exit' undefined; assuming extern returning int
  main.c
  menu.c
C:\Users\krish\Documents\Programes\C\SEM 1 Project\SEM1-Project\SEM1-Project\menu.c(30,10): warning C4013: '_getch' undefined; assuming extern returning int
C:\Users\krish\Documents\Programes\C\SEM 1 Project\SEM1-Project\SEM1-Project\menu.c(56,7): warning C4101: 'product_code': unreferenced local variable
C:\Users\krish\Documents\Programes\C\SEM 1 Project\SEM1-Project\SEM1-Project\menu.c(57,7): warning C4101: 'product_stock': unreferenced local variable
C:\Users\krish\Documents\Programes\C\SEM 1 Project\SEM1-Project\SEM1-Project\menu.c(122,2): warning C4013: 'exit' undefined; assuming extern returning int
  Generating code
  6 of 33 functions (18.2%) were compiled, the rest were copied from previous compilation.
    0 functions were new in current compilation
    2 functions had inline decision re-evaluated but remain unchanged
  Finished generating code
  SEM1-Project.vcxproj -> C:\Users\krish\Documents\Programes\C\SEM 1 Project\SEM1-Project\x64\Release\SEM1-Project.exe
